

── 2026-06-04 06:08 UTC (threshold 14d) ──
  💀 HeXpunk
  💀 *NEW* SCUFFED EPIC BHOP SIMULATOR 2023 (POG CHAMP)
  💀 0Gravity
  💀 100 KILLS CHALLENGE: ORIGINS
  💀 11th Dream
  💀 256vs256
  💀 4X-Galaxy 无主之地：银河
  💀 6 Seasons and a Game
  💀 69 Balls
  💀 7 Bones and 7 Stones - The Ritual
  💀 7776 II: Dwarven Greed
  💀 Sentou Gakuen: Revival
  💀 Manga RPG
  💀 Fateful Destiny
  💀 Owinka Shooter
  💀 你画我拼You draw I puzzle
  💀 Lords Of The Lockerroom
  💀 We're Tethered Together
  💀 Panzer Arena: Prologue
  💀 PewPew Live
  💀 Ninza
  💀 Purgo box
  💀 Rapid Tap
  💀 DAMNOSAUR
  💀 Galactic Lander
  💀 Last Slice
  💀 Wequer
  💀 Oh...Sir! Prototype
  💀 Hamster Hustle
  💀 Kitty Ball
  💀 Counter Agents
  💀 Air Attack
  💀 Frog Fighters
  💀 荣耀斗罗
  💀 Nanika Game Online
  💀 Muscle Magic
  💀 Vacuum Pilot
  💀 狂神无双
  💀 Bass Monkey
  💀 Bamerang: Warm-Up Duel
